2023/06/20 13:55:59 [notice] 1#1: using the "epoll" event method
2023/06/20 13:55:59 [notice] 1#1: nginx/1.25.1
2023/06/20 13:55:59 [notice] 1#1: built by gcc 12.2.0 (Debian 12.2.0-14) 
2023/06/20 13:55:59 [notice] 1#1: OS: Linux 5.10.16.3-microsoft-standard-WSL2
2023/06/20 13:55:59 [notice] 1#1: getrlimit(RLIMIT_NOFILE): 1048576:1048576
2023/06/20 13:55:59 [notice] 1#1: start worker processes
2023/06/20 13:55:59 [notice] 1#1: start worker process 34
2023/06/20 13:55:59 [notice] 1#1: start worker process 35
2023/06/20 13:55:59 [notice] 1#1: start worker process 36
2023/06/20 13:55:59 [notice] 1#1: start worker process 37
2023/06/20 13:56:31 [notice] 1#1: signal 3 (SIGQUIT) received, shutting down
2023/06/20 13:56:31 [notice] 36#36: gracefully shutting down
2023/06/20 13:56:31 [notice] 37#37: gracefully shutting down
2023/06/20 13:56:31 [notice] 34#34: gracefully shutting down
2023/06/20 13:56:31 [notice] 35#35: gracefully shutting down
2023/06/20 13:56:31 [notice] 35#35: exiting
2023/06/20 13:56:31 [notice] 36#36: exiting
2023/06/20 13:56:31 [notice] 37#37: exiting
2023/06/20 13:56:31 [notice] 37#37: exit
2023/06/20 13:56:31 [notice] 34#34: exiting
2023/06/20 13:56:31 [notice] 35#35: exit
2023/06/20 13:56:31 [notice] 36#36: exit
2023/06/20 13:56:31 [notice] 34#34: exit
2023/06/20 13:56:31 [notice] 1#1: signal 17 (SIGCHLD) received from 36
2023/06/20 13:56:31 [notice] 1#1: worker process 36 exited with code 0
2023/06/20 13:56:31 [notice] 1#1: signal 29 (SIGIO) received
2023/06/20 13:56:31 [notice] 1#1: signal 17 (SIGCHLD) received from 35
2023/06/20 13:56:31 [notice] 1#1: worker process 34 exited with code 0
2023/06/20 13:56:31 [notice] 1#1: worker process 35 exited with code 0
2023/06/20 13:56:31 [notice] 1#1: worker process 37 exited with code 0
2023/06/20 13:56:31 [notice] 1#1: exit
2023/06/20 13:57:26 [notice] 1#1: using the "epoll" event method
2023/06/20 13:57:26 [notice] 1#1: nginx/1.25.1
2023/06/20 13:57:26 [notice] 1#1: built by gcc 12.2.0 (Debian 12.2.0-14) 
2023/06/20 13:57:26 [notice] 1#1: OS: Linux 5.10.16.3-microsoft-standard-WSL2
2023/06/20 13:57:26 [notice] 1#1: getrlimit(RLIMIT_NOFILE): 1048576:1048576
2023/06/20 13:57:26 [notice] 1#1: start worker processes
2023/06/20 13:57:26 [notice] 1#1: start worker process 34
2023/06/20 13:57:26 [notice] 1#1: start worker process 35
2023/06/20 13:57:26 [notice] 1#1: start worker process 36
2023/06/20 13:57:26 [notice] 1#1: start worker process 37
2023/06/20 13:59:24 [notice] 1#1: signal 3 (SIGQUIT) received, shutting down
2023/06/20 13:59:24 [notice] 36#36: gracefully shutting down
2023/06/20 13:59:24 [notice] 36#36: exiting
2023/06/20 13:59:24 [notice] 35#35: gracefully shutting down
2023/06/20 13:59:24 [notice] 35#35: exiting
2023/06/20 13:59:24 [notice] 37#37: gracefully shutting down
2023/06/20 13:59:24 [notice] 37#37: exiting
2023/06/20 13:59:24 [notice] 34#34: gracefully shutting down
2023/06/20 13:59:24 [notice] 36#36: exit
2023/06/20 13:59:24 [notice] 35#35: exit
2023/06/20 13:59:24 [notice] 37#37: exit
2023/06/20 13:59:24 [notice] 34#34: exiting
2023/06/20 13:59:24 [notice] 34#34: exit
2023/06/20 13:59:24 [notice] 1#1: signal 17 (SIGCHLD) received from 35
2023/06/20 13:59:24 [notice] 1#1: worker process 35 exited with code 0
2023/06/20 13:59:24 [notice] 1#1: worker process 36 exited with code 0
2023/06/20 13:59:24 [notice] 1#1: signal 29 (SIGIO) received
2023/06/20 13:59:24 [notice] 1#1: signal 17 (SIGCHLD) received from 36
2023/06/20 13:59:24 [notice] 1#1: signal 17 (SIGCHLD) received from 37
2023/06/20 13:59:24 [notice] 1#1: worker process 37 exited with code 0
2023/06/20 13:59:24 [notice] 1#1: signal 29 (SIGIO) received
2023/06/20 13:59:24 [notice] 1#1: signal 17 (SIGCHLD) received from 34
2023/06/20 13:59:24 [notice] 1#1: worker process 34 exited with code 0
2023/06/20 13:59:24 [notice] 1#1: exit
2023/06/20 13:59:46 [notice] 1#1: using the "epoll" event method
2023/06/20 13:59:46 [notice] 1#1: nginx/1.25.1
2023/06/20 13:59:46 [notice] 1#1: built by gcc 12.2.0 (Debian 12.2.0-14) 
2023/06/20 13:59:46 [notice] 1#1: OS: Linux 5.10.16.3-microsoft-standard-WSL2
2023/06/20 13:59:46 [notice] 1#1: getrlimit(RLIMIT_NOFILE): 1048576:1048576
2023/06/20 13:59:46 [notice] 1#1: start worker processes
2023/06/20 13:59:46 [notice] 1#1: start worker process 34
2023/06/20 13:59:46 [notice] 1#1: start worker process 35
2023/06/20 13:59:46 [notice] 1#1: start worker process 36
2023/06/20 13:59:46 [notice] 1#1: start worker process 37
2023/06/20 14:05:52 [notice] 1#1: signal 3 (SIGQUIT) received, shutting down
2023/06/20 14:05:52 [notice] 36#36: gracefully shutting down
2023/06/20 14:05:52 [notice] 36#36: exiting
2023/06/20 14:05:52 [notice] 37#37: gracefully shutting down
2023/06/20 14:05:52 [notice] 35#35: gracefully shutting down
2023/06/20 14:05:52 [notice] 35#35: exiting
2023/06/20 14:05:52 [notice] 34#34: gracefully shutting down
2023/06/20 14:05:52 [notice] 34#34: exiting
2023/06/20 14:05:52 [notice] 36#36: exit
2023/06/20 14:05:52 [notice] 37#37: exiting
2023/06/20 14:05:52 [notice] 37#37: exit
2023/06/20 14:05:52 [notice] 35#35: exit
2023/06/20 14:05:52 [notice] 34#34: exit
2023/06/20 14:05:52 [notice] 1#1: signal 17 (SIGCHLD) received from 35
2023/06/20 14:05:52 [notice] 1#1: worker process 34 exited with code 0
2023/06/20 14:05:52 [notice] 1#1: worker process 35 exited with code 0
2023/06/20 14:05:52 [notice] 1#1: worker process 36 exited with code 0
2023/06/20 14:05:52 [notice] 1#1: worker process 37 exited with code 0
2023/06/20 14:05:52 [notice] 1#1: exit
2023/06/20 14:06:15 [notice] 1#1: using the "epoll" event method
2023/06/20 14:06:15 [notice] 1#1: nginx/1.25.1
2023/06/20 14:06:15 [notice] 1#1: built by gcc 12.2.0 (Debian 12.2.0-14) 
2023/06/20 14:06:15 [notice] 1#1: OS: Linux 5.10.16.3-microsoft-standard-WSL2
2023/06/20 14:06:15 [notice] 1#1: getrlimit(RLIMIT_NOFILE): 1048576:1048576
2023/06/20 14:06:15 [notice] 1#1: start worker processes
2023/06/20 14:06:15 [notice] 1#1: start worker process 34
2023/06/20 14:06:15 [notice] 1#1: start worker process 35
2023/06/20 14:06:15 [notice] 1#1: start worker process 36
2023/06/20 14:06:15 [notice] 1#1: start worker process 37
2023/06/20 14:10:00 [notice] 1#1: signal 3 (SIGQUIT) received, shutting down
2023/06/20 14:10:00 [notice] 34#34: gracefully shutting down
2023/06/20 14:10:00 [notice] 37#37: gracefully shutting down
2023/06/20 14:10:00 [notice] 37#37: exiting
2023/06/20 14:10:00 [notice] 35#35: gracefully shutting down
2023/06/20 14:10:00 [notice] 36#36: gracefully shutting down
2023/06/20 14:10:00 [notice] 34#34: exiting
2023/06/20 14:10:00 [notice] 37#37: exit
2023/06/20 14:10:00 [notice] 35#35: exiting
2023/06/20 14:10:00 [notice] 36#36: exiting
2023/06/20 14:10:00 [notice] 36#36: exit
2023/06/20 14:10:00 [notice] 34#34: exit
2023/06/20 14:10:00 [notice] 35#35: exit
2023/06/20 14:10:00 [notice] 1#1: signal 17 (SIGCHLD) received from 36
2023/06/20 14:10:00 [notice] 1#1: worker process 36 exited with code 0
2023/06/20 14:10:00 [notice] 1#1: worker process 37 exited with code 0
2023/06/20 14:10:00 [notice] 1#1: signal 29 (SIGIO) received
2023/06/20 14:10:00 [notice] 1#1: signal 17 (SIGCHLD) received from 35
2023/06/20 14:10:00 [notice] 1#1: worker process 34 exited with code 0
2023/06/20 14:10:00 [notice] 1#1: worker process 35 exited with code 0
2023/06/20 14:10:00 [notice] 1#1: exit
2023/06/20 14:10:36 [notice] 1#1: using the "epoll" event method
2023/06/20 14:10:36 [notice] 1#1: nginx/1.25.1
2023/06/20 14:10:36 [notice] 1#1: built by gcc 12.2.0 (Debian 12.2.0-14) 
2023/06/20 14:10:36 [notice] 1#1: OS: Linux 5.10.16.3-microsoft-standard-WSL2
2023/06/20 14:10:36 [notice] 1#1: getrlimit(RLIMIT_NOFILE): 1048576:1048576
2023/06/20 14:10:36 [notice] 1#1: start worker processes
2023/06/20 14:10:36 [notice] 1#1: start worker process 34
2023/06/20 14:10:36 [notice] 1#1: start worker process 35
2023/06/20 14:10:36 [notice] 1#1: start worker process 36
2023/06/20 14:10:36 [notice] 1#1: start worker process 37
2023/06/20 14:12:11 [notice] 1#1: signal 3 (SIGQUIT) received, shutting down
2023/06/20 14:12:11 [notice] 34#34: gracefully shutting down
2023/06/20 14:12:11 [notice] 35#35: gracefully shutting down
2023/06/20 14:12:11 [notice] 36#36: gracefully shutting down
2023/06/20 14:12:11 [notice] 36#36: exiting
2023/06/20 14:12:11 [notice] 37#37: gracefully shutting down
2023/06/20 14:12:11 [notice] 34#34: exiting
2023/06/20 14:12:11 [notice] 34#34: exit
2023/06/20 14:12:11 [notice] 35#35: exiting
2023/06/20 14:12:11 [notice] 36#36: exit
2023/06/20 14:12:11 [notice] 37#37: exiting
2023/06/20 14:12:11 [notice] 37#37: exit
2023/06/20 14:12:11 [notice] 35#35: exit
2023/06/20 14:12:11 [notice] 1#1: signal 17 (SIGCHLD) received from 35
2023/06/20 14:12:11 [notice] 1#1: worker process 35 exited with code 0
2023/06/20 14:12:11 [notice] 1#1: worker process 36 exited with code 0
2023/06/20 14:12:11 [notice] 1#1: worker process 37 exited with code 0
2023/06/20 14:12:11 [notice] 1#1: signal 29 (SIGIO) received
2023/06/20 14:12:11 [notice] 1#1: signal 17 (SIGCHLD) received from 37
2023/06/20 14:12:11 [notice] 1#1: signal 17 (SIGCHLD) received from 34
2023/06/20 14:12:11 [notice] 1#1: worker process 34 exited with code 0
2023/06/20 14:12:11 [notice] 1#1: exit
2023/06/20 14:13:18 [notice] 1#1: using the "epoll" event method
2023/06/20 14:13:18 [notice] 1#1: nginx/1.25.1
2023/06/20 14:13:18 [notice] 1#1: built by gcc 12.2.0 (Debian 12.2.0-14) 
2023/06/20 14:13:18 [notice] 1#1: OS: Linux 5.10.16.3-microsoft-standard-WSL2
2023/06/20 14:13:18 [notice] 1#1: getrlimit(RLIMIT_NOFILE): 1048576:1048576
2023/06/20 14:13:18 [notice] 1#1: start worker processes
2023/06/20 14:13:18 [notice] 1#1: start worker process 34
2023/06/20 14:13:18 [notice] 1#1: start worker process 35
2023/06/20 14:13:18 [notice] 1#1: start worker process 36
2023/06/20 14:13:18 [notice] 1#1: start worker process 37
2023/06/21 13:31:50 [error] 34#34: *1 upstream timed out (110: Connection timed out) while reading response header from upstream, client: 172.27.0.1, server: , request: "GET / HTTP/1.1", upstream: "fastcgi://172.27.0.4:9000", host: "localhost"
2023/06/21 13:41:40 [notice] 1#1: signal 3 (SIGQUIT) received, shutting down
2023/06/21 13:41:40 [notice] 34#34: gracefully shutting down
2023/06/21 13:41:40 [notice] 35#35: gracefully shutting down
2023/06/21 13:41:40 [notice] 37#37: gracefully shutting down
2023/06/21 13:41:40 [notice] 36#36: gracefully shutting down
2023/06/21 13:41:40 [notice] 35#35: exiting
2023/06/21 13:41:40 [notice] 34#34: exiting
2023/06/21 13:41:40 [notice] 36#36: exiting
2023/06/21 13:41:40 [notice] 34#34: exit
2023/06/21 13:41:40 [notice] 35#35: exit
2023/06/21 13:41:40 [notice] 36#36: exit
2023/06/21 13:41:40 [notice] 1#1: signal 17 (SIGCHLD) received from 36
2023/06/21 13:41:40 [notice] 1#1: worker process 36 exited with code 0
2023/06/21 13:41:40 [notice] 1#1: signal 29 (SIGIO) received
2023/06/21 13:41:40 [notice] 1#1: signal 17 (SIGCHLD) received from 34
2023/06/21 13:41:40 [notice] 1#1: worker process 34 exited with code 0
2023/06/21 13:41:40 [notice] 1#1: signal 29 (SIGIO) received
2023/06/21 13:41:40 [notice] 1#1: signal 17 (SIGCHLD) received from 35
2023/06/21 13:41:40 [notice] 1#1: worker process 35 exited with code 0
2023/06/21 13:41:40 [notice] 1#1: signal 29 (SIGIO) received
2023/06/21 13:42:05 [notice] 1#1: using the "epoll" event method
2023/06/21 13:42:05 [notice] 1#1: nginx/1.25.1
2023/06/21 13:42:05 [notice] 1#1: built by gcc 12.2.0 (Debian 12.2.0-14) 
2023/06/21 13:42:05 [notice] 1#1: OS: Linux 5.10.16.3-microsoft-standard-WSL2
2023/06/21 13:42:05 [notice] 1#1: getrlimit(RLIMIT_NOFILE): 1048576:1048576
2023/06/21 13:42:05 [notice] 1#1: start worker processes
2023/06/21 13:42:05 [notice] 1#1: start worker process 34
2023/06/21 13:42:05 [notice] 1#1: start worker process 35
2023/06/21 13:42:05 [notice] 1#1: start worker process 36
2023/06/21 13:42:05 [notice] 1#1: start worker process 37
2023/06/21 13:50:05 [notice] 1#1: signal 3 (SIGQUIT) received, shutting down
2023/06/21 13:50:05 [notice] 37#37: gracefully shutting down
2023/06/21 13:50:05 [notice] 36#36: gracefully shutting down
2023/06/21 13:50:05 [notice] 34#34: gracefully shutting down
2023/06/21 13:50:05 [notice] 34#34: exiting
2023/06/21 13:50:05 [notice] 34#34: exit
2023/06/21 13:50:05 [notice] 35#35: gracefully shutting down
2023/06/21 13:50:05 [notice] 35#35: exiting
2023/06/21 13:50:05 [notice] 37#37: exiting
2023/06/21 13:50:05 [notice] 36#36: exiting
2023/06/21 13:50:05 [notice] 35#35: exit
2023/06/21 13:50:05 [notice] 37#37: exit
2023/06/21 13:50:05 [notice] 36#36: exit
2023/06/21 13:50:05 [notice] 1#1: signal 17 (SIGCHLD) received from 36
2023/06/21 13:50:05 [notice] 1#1: worker process 36 exited with code 0
2023/06/21 13:50:05 [notice] 1#1: worker process 37 exited with code 0
2023/06/21 13:50:05 [notice] 1#1: signal 29 (SIGIO) received
2023/06/21 13:50:05 [notice] 1#1: signal 17 (SIGCHLD) received from 34
2023/06/21 13:50:05 [notice] 1#1: worker process 34 exited with code 0
2023/06/21 13:50:05 [notice] 1#1: worker process 35 exited with code 0
2023/06/21 13:50:05 [notice] 1#1: exit
2023/06/21 13:50:26 [notice] 1#1: using the "epoll" event method
2023/06/21 13:50:26 [notice] 1#1: nginx/1.25.1
2023/06/21 13:50:26 [notice] 1#1: built by gcc 12.2.0 (Debian 12.2.0-14) 
2023/06/21 13:50:26 [notice] 1#1: OS: Linux 5.10.16.3-microsoft-standard-WSL2
2023/06/21 13:50:26 [notice] 1#1: getrlimit(RLIMIT_NOFILE): 1048576:1048576
2023/06/21 13:50:26 [notice] 1#1: start worker processes
2023/06/21 13:50:26 [notice] 1#1: start worker process 35
2023/06/21 13:50:26 [notice] 1#1: start worker process 36
2023/06/21 13:50:26 [notice] 1#1: start worker process 37
2023/06/21 13:50:26 [notice] 1#1: start worker process 38
